TN:
SF:context.js
FN:3,createMockContext
FNF:1
FNH:1
FNDA:3,createMockContext
DA:1,1
DA:2,1
DA:3,1
DA:4,3
DA:5,3
DA:6,3
DA:7,3
DA:8,1
DA:9,1
DA:10,1
DA:11,1
LF:11
LH:11
BRDA:3,0,0,3
BRF:1
BRH:1
end_of_record
TN:
SF:models/Player.js
FN:4,Player
FN:8,getId
FN:12,find
FN:26,findByName
FN:40,buyProperty
FN:71,sellProperty
FN:102,UpDownGradeProperty
FN:132,<static_initializer>
FN:132,payRent
FN:139,updateMoney
FNF:10
FNH:6
FNDA:2,Player
FNDA:1,getId
FNDA:1,find
FNDA:0,findByName
FNDA:1,buyProperty
FNDA:0,sellProperty
FNDA:0,UpDownGradeProperty
FNDA:1,<static_initializer>
FNDA:0,payRent
FNDA:1,updateMoney
DA:1,1
DA:2,1
DA:3,1
DA:4,1
DA:5,2
DA:6,2
DA:7,1
DA:8,1
DA:9,1
DA:10,1
DA:11,1
DA:12,1
DA:13,1
DA:14,1
DA:15,1
DA:16,1
DA:17,1
DA:18,1
DA:19,1
DA:20,0
DA:21,1
DA:22,1
DA:23,1
DA:24,1
DA:25,1
DA:26,1
DA:27,0
DA:28,0
DA:29,0
DA:30,0
DA:31,0
DA:32,0
DA:33,0
DA:34,0
DA:35,0
DA:36,0
DA:37,0
DA:38,1
DA:39,1
DA:40,1
DA:41,1
DA:42,1
DA:43,1
DA:44,0
DA:45,1
DA:46,1
DA:47,1
DA:48,1
DA:49,1
DA:50,1
DA:51,1
DA:52,1
DA:53,1
DA:54,1
DA:55,1
DA:56,1
DA:57,1
DA:58,1
DA:59,0
DA:60,1
DA:61,1
DA:62,1
DA:63,1
DA:64,1
DA:65,1
DA:66,1
DA:67,0
DA:68,0
DA:69,1
DA:70,1
DA:71,1
DA:72,0
DA:73,0
DA:74,0
DA:75,0
DA:76,0
DA:77,0
DA:78,0
DA:79,0
DA:80,0
DA:81,0
DA:82,0
DA:83,0
DA:84,0
DA:85,0
DA:86,0
DA:87,0
DA:88,0
DA:89,0
DA:90,0
DA:91,0
DA:92,0
DA:93,0
DA:94,0
DA:95,0
DA:96,0
DA:97,0
DA:98,0
DA:99,0
DA:100,0
DA:101,1
DA:102,1
DA:103,0
DA:104,0
DA:105,0
DA:106,0
DA:107,0
DA:108,0
DA:109,0
DA:110,0
DA:111,0
DA:112,0
DA:113,0
DA:114,0
DA:115,0
DA:116,0
DA:117,0
DA:118,0
DA:119,0
DA:120,0
DA:121,0
DA:122,0
DA:123,0
DA:124,0
DA:125,0
DA:126,0
DA:127,0
DA:128,0
DA:129,0
DA:130,0
DA:131,1
DA:132,1
DA:133,0
DA:134,0
DA:135,0
DA:136,0
DA:137,1
DA:138,1
DA:139,1
DA:140,1
DA:141,1
DA:142,1
DA:143,1
DA:144,1
DA:145,1
DA:146,1
DA:147,0
DA:148,1
DA:149,1
DA:150,1
DA:151,1
DA:152,1
DA:153,1
DA:154,1
DA:155,1
DA:156,1
DA:157,1
DA:158,1
DA:159,0
DA:160,1
DA:161,1
DA:162,1
DA:163,1
DA:164,1
DA:165,1
DA:166,1
LF:166
LH:87
BRDA:4,0,0,2
BRDA:8,1,0,1
BRDA:12,2,0,1
BRDA:19,3,0,0
BRDA:40,4,0,1
BRDA:43,5,0,0
BRDA:58,6,0,0
BRDA:66,7,0,0
BRDA:132,8,0,1
BRDA:139,9,0,1
BRDA:146,10,0,0
BRDA:158,11,0,0
BRF:12
BRH:6
end_of_record
